0 info it worked if it ends with ok
1 verbose cli [ '/Users/davidtittsworth/.nvm/versions/node/v6.9.2/bin/node',
1 verbose cli   '/Users/davidtittsworth/.nvm/versions/node/v6.9.2/bin/npm',
1 verbose cli   'run',
1 verbose cli   'verify' ]
2 info using npm@3.10.9
3 info using node@v6.9.2
4 verbose run-script [ 'preverify', 'verify', 'postverify' ]
5 info lifecycle @essex/network-navigator@0.11.2~preverify: @essex/network-navigator@0.11.2
6 silly lifecycle @essex/network-navigator@0.11.2~preverify: no script for preverify, continuing
7 info lifecycle @essex/network-navigator@0.11.2~verify: @essex/network-navigator@0.11.2
8 verbose lifecycle @essex/network-navigator@0.11.2~verify: unsafe-perm in lifecycle true
9 verbose lifecycle @essex/network-navigator@0.11.2~verify: PATH: /Users/davidtittsworth/.nvm/versions/node/v6.9.2/lib/node_modules/npm/bin/node-gyp-bin:/Users/davidtittsworth/Projects/EssexComponents/NetworkNavigator/packages/network-navigator/node_modules/.bin:/Users/davidtittsworth/Projects/EssexComponents/NetworkNavigator/packages/network-navigator/node_modules/.bin:/Users/davidtittsworth/.config/yarn/link/node_modules/.bin:/Users/davidtittsworth/Projects/EssexComponents/NetworkNavigator/packages/network-navigator/node_modules/.bin:/Users/davidtittsworth/.config/yarn/link/node_modules/.bin:/usr/local/Cellar/yarn/0.19.1/libexec/lib/node_modules/yarn/bin/node-gyp-bin:/Users/davidtittsworth/Applications/Tools/android-sdk-macosx/platform-tools:/Users/davidtittsworth/.jenv/shims:/Users/davidtittsworth/.jenv/bin:/Users/davidtittsworth/.nvm/versions/node/v6.9.2/bin:/Users/davidtittsworth/.go/bin:/usr/local/bin:/usr/bin:/bin:/usr/sbin:/sbin
10 verbose lifecycle @essex/network-navigator@0.11.2~verify: CWD: /Users/davidtittsworth/Projects/EssexComponents/NetworkNavigator/packages/network-navigator
11 silly lifecycle @essex/network-navigator@0.11.2~verify: Args: [ '-c', 'npm-run-all clean tsc lint karma:once docs' ]
12 silly lifecycle @essex/network-navigator@0.11.2~verify: Returned: code: 1  signal: null
13 info lifecycle @essex/network-navigator@0.11.2~verify: Failed to exec verify script
14 verbose stack Error: @essex/network-navigator@0.11.2 verify: `npm-run-all clean tsc lint karma:once docs`
14 verbose stack Exit status 1
14 verbose stack     at EventEmitter.<anonymous> (/Users/davidtittsworth/.nvm/versions/node/v6.9.2/lib/node_modules/npm/lib/utils/lifecycle.js:255:16)
14 verbose stack     at emitTwo (events.js:106:13)
14 verbose stack     at EventEmitter.emit (events.js:191:7)
14 verbose stack     at ChildProcess.<anonymous> (/Users/davidtittsworth/.nvm/versions/node/v6.9.2/lib/node_modules/npm/lib/utils/spawn.js:40:14)
14 verbose stack     at emitTwo (events.js:106:13)
14 verbose stack     at ChildProcess.emit (events.js:191:7)
14 verbose stack     at maybeClose (internal/child_process.js:877:16)
14 verbose stack     at Process.ChildProcess._handle.onexit (internal/child_process.js:226:5)
15 verbose pkgid @essex/network-navigator@0.11.2
16 verbose cwd /Users/davidtittsworth/Projects/EssexComponents/NetworkNavigator/packages/network-navigator
17 error Darwin 16.3.0
18 error argv "/Users/davidtittsworth/.nvm/versions/node/v6.9.2/bin/node" "/Users/davidtittsworth/.nvm/versions/node/v6.9.2/bin/npm" "run" "verify"
19 error node v6.9.2
20 error npm  v3.10.9
21 error code ELIFECYCLE
22 error @essex/network-navigator@0.11.2 verify: `npm-run-all clean tsc lint karma:once docs`
22 error Exit status 1
23 error Failed at the @essex/network-navigator@0.11.2 verify script 'npm-run-all clean tsc lint karma:once docs'.
23 error Make sure you have the latest version of node.js and npm installed.
23 error If you do, this is most likely a problem with the @essex/network-navigator package,
23 error not with npm itself.
23 error Tell the author that this fails on your system:
23 error     npm-run-all clean tsc lint karma:once docs
23 error You can get information on how to open an issue for this project with:
23 error     npm bugs @essex/network-navigator
23 error Or if that isn't available, you can get their info via:
23 error     npm owner ls @essex/network-navigator
23 error There is likely additional logging output above.
24 verbose exit [ 1, true ]
